<?xml version="1.0" encoding="UTF-8"?>
<!-- Generated by org.testng.reporters.JUnitXMLReporter -->
<testsuite hostname="W104SRSPV2" ignored="0" name="Default test" tests="3" failures="0" timestamp="10 May 2020 13:50:27 GMT" time="6.661" errors="0">
  <testcase name="addNewEmp" time="4.89" classname="com.dell.WebServiceTestScenario.TC008_Sc008_DDTTest_CreateNewEmp"/>
  <testcase name="addNewEmp" time="0.873" classname="com.dell.WebServiceTestScenario.TC008_Sc008_DDTTest_CreateNewEmp"/>
  <testcase name="addNewEmp" time="0.864" classname="com.dell.WebServiceTestScenario.TC008_Sc008_DDTTest_CreateNewEmp"/>
</testsuite> <!-- Default test -->
